TN:
SF:public/js/login.js
FN:4,(anonymous_0)
FNF:1
FNH:1
FNDA:4,(anonymous_0)
DA:1,9
DA:2,9
DA:4,9
DA:5,4
DA:8,4
DA:9,4
DA:11,4
DA:13,4
DA:19,3
DA:20,3
DA:23,3
DA:25,2
DA:26,2
DA:29,2
DA:32,1
DA:36,1
DA:37,1
LF:17
LH:17
BRDA:23,0,0,2
BRDA:23,0,1,1
BRDA:26,1,0,2
BRDA:26,1,1,1
BRF:4
BRH:4
end_of_record
TN:
SF:public/js/signup.js
FN:4,(anonymous_0)
FNF:1
FNH:1
FNDA:3,(anonymous_0)
DA:1,5
DA:2,5
DA:4,5
DA:5,3
DA:6,3
DA:7,3
DA:8,3
DA:10,3
DA:11,3
DA:17,2
DA:18,2
DA:20,2
DA:21,1
DA:22,1
DA:24,1
DA:27,1
LF:16
LH:16
BRDA:20,0,0,1
BRDA:20,0,1,1
BRF:2
BRH:2
end_of_record
